<html>
<head>
<title>TestNG:  Surefire test</title>
<link href="../testng.css" rel="stylesheet" type="text/css" />
<link href="../my-testng.css" rel="stylesheet" type="text/css" />

<style type="text/css">
.log { display: none;} 
.stack-trace { display: none;} 
</style>
<script type="text/javascript">
<!--
function flip(e) {
  current = e.style.display;
  if (current == 'block') {
    e.style.display = 'none';
    return 0;
  }
  else {
    e.style.display = 'block';
    return 1;
  }
}

function toggleBox(szDivId, elem, msg1, msg2)
{
  var res = -1;  if (document.getElementById) {
    res = flip(document.getElementById(szDivId));
  }
  else if (document.all) {
    // this is the way old msie versions work
    res = flip(document.all[szDivId]);
  }
  if(elem) {
    if(res == 0) elem.innerHTML = msg1; else elem.innerHTML = msg2;
  }

}

function toggleAllBoxes() {
  if (document.getElementsByTagName) {
    d = document.getElementsByTagName('div');
    for (i = 0; i < d.length; i++) {
      if (d[i].className == 'log') {
        flip(d[i]);
      }
    }
  }
}

// -->
</script>

</head>
<body>
<h2 align='center'>Surefire test</h2><table border='1' align="center">
<tr>
<td>Tests passed/Failed/Skipped:</td><td>2/1/0</td>
</tr><tr>
<td>Started on:</td><td>Fri Jul 15 17:29:33 BRT 2016</td>
</tr>
<tr><td>Total time:</td><td>23 seconds (23568 ms)</td>
</tr><tr>
<td>Included groups:</td><td></td>
</tr><tr>
<td>Excluded groups:</td><td></td>
</tr>
</table><p/>
<small><i>(Hover the method name to see the test class name)</i></small><p/>
<table width='100%' border='1' class='invocation-failed'>
<tr><td colspan='4' align='center'><b>FAILED TESTS</b></td></tr>
<tr><td><b>Test method</b></td>
<td width="30%"><b>Exception</b></td>
<td width="10%"><b>Time (seconds)</b></td>
<td><b>Instance</b></td>
</tr>
<tr>
<td title='com.testframeworkdemo.runner.RunGUIWebTest.run_cukes()'><b>run_cukes</b><br>Test class: com.testframeworkdemo.runner.RunGUIWebTest<br>Test method: Runs Cucumber Features</td>
<td><div><pre>java.lang.IllegalArgumentException: Not a file or directory: /home/erik/DEV/git/java/TestFramework-Java/src/test/resources/features/web/*.feature
	at cucumber.runtime.io.FileResourceIterator$FileIterator.&lt;init&gt;(FileResourceIterator.java:54)
	at cucumber.runtime.io.FileResourceIterator.&lt;init&gt;(FileResourceIterator.java:20)
	at cucumber.runtime.io.FileResourceIterable.iterator(FileResourceIterable.java:19)
	at cucumber.runtime.model.CucumberFeature.loadFromFeaturePath(CucumberFeature.java:101)
	at cucumber.runtime.model.CucumberFeature.load(CucumberFeature.java:54)
	at cucumber.runtime.model.CucumberFeature.load(CucumberFeature.java:34)
	at cucumber.runtime.RuntimeOptions.cucumberFeatures(RuntimeOptions.java:201)
	at cucumber.runtime.Runtime.run(Runtime.java:109)
	at cucumber.api.testng.TestNGCucumberRunner.runCukes(TestNGCucumberRunner.java:43)
	at cucumber.api.testng.AbstractTestNGCucumberTests.run_cukes(AbstractTestNGCucumberTests.java:14)
	at cucumber.api.testng.AbstractTestNGCucumberTests.run(AbstractTestNGCucumberTests.java:19)
... Removed 30 stack frames</pre></div><a href='#' onClick='toggleBox("stack-trace777379084", this, "Click to show all stack frames", "Click to hide stack frames")'>Click to show all stack frames</a>
<div class='stack-trace' id='stack-trace777379084'><pre>java.lang.IllegalArgumentException: Not a file or directory: /home/erik/DEV/git/java/TestFramework-Java/src/test/resources/features/web/*.feature
	at cucumber.runtime.io.FileResourceIterator$FileIterator.&lt;init&gt;(FileResourceIterator.java:54)
	at cucumber.runtime.io.FileResourceIterator.&lt;init&gt;(FileResourceIterator.java:20)
	at cucumber.runtime.io.FileResourceIterable.iterator(FileResourceIterable.java:19)
	at cucumber.runtime.model.CucumberFeature.loadFromFeaturePath(CucumberFeature.java:101)
	at cucumber.runtime.model.CucumberFeature.load(CucumberFeature.java:54)
	at cucumber.runtime.model.CucumberFeature.load(CucumberFeature.java:34)
	at cucumber.runtime.RuntimeOptions.cucumberFeatures(RuntimeOptions.java:201)
	at cucumber.runtime.Runtime.run(Runtime.java:109)
	at cucumber.api.testng.TestNGCucumberRunner.runCukes(TestNGCucumberRunner.java:43)
	at cucumber.api.testng.AbstractTestNGCucumberTests.run_cukes(AbstractTestNGCucumberTests.java:14)
	at sun.reflect.NativeMethodAccessorImpl.invoke0(Native Method)
	at sun.reflect.NativeMethodAccessorImpl.invoke(NativeMethodAccessorImpl.java:62)
	at sun.reflect.DelegatingMethodAccessorImpl.invoke(DelegatingMethodAccessorImpl.java:43)
	at java.lang.reflect.Method.invoke(Method.java:498)
	at org.testng.internal.MethodInvocationHelper.invokeMethod(MethodInvocationHelper.java:85)
	at org.testng.internal.MethodInvocationHelper$1.runTestMethod(MethodInvocationHelper.java:200)
	at cucumber.api.testng.AbstractTestNGCucumberTests.run(AbstractTestNGCucumberTests.java:19)
	at org.testng.internal.MethodInvocationHelper.invokeHookable(MethodInvocationHelper.java:212)
	at org.testng.internal.Invoker.invokeMethod(Invoker.java:689)
	at org.testng.internal.Invoker.invokeTestMethod(Invoker.java:882)
	at org.testng.internal.Invoker.invokeTestMethods(Invoker.java:1189)
	at org.testng.internal.TestMethodWorker.invokeTestMethods(TestMethodWorker.java:124)
	at org.testng.internal.TestMethodWorker.run(TestMethodWorker.java:108)
	at org.testng.TestRunner.privateRun(TestRunner.java:767)
	at org.testng.TestRunner.run(TestRunner.java:617)
	at org.testng.SuiteRunner.runTest(SuiteRunner.java:348)
	at org.testng.SuiteRunner.runSequentially(SuiteRunner.java:343)
	at org.testng.SuiteRunner.privateRun(SuiteRunner.java:305)
	at org.testng.SuiteRunner.run(SuiteRunner.java:254)
	at org.testng.SuiteRunnerWorker.runSuite(SuiteRunnerWorker.java:52)
	at org.testng.SuiteRunnerWorker.run(SuiteRunnerWorker.java:86)
	at org.testng.TestNG.runSuitesSequentially(TestNG.java:1224)
	at org.testng.TestNG.runSuitesLocally(TestNG.java:1149)
	at org.testng.TestNG.run(TestNG.java:1057)
	at org.apache.maven.surefire.testng.TestNGExecutor.run(TestNGExecutor.java:115)
	at org.apache.maven.surefire.testng.TestNGDirectoryTestSuite.executeMulti(TestNGDirectoryTestSuite.java:204)
	at org.apache.maven.surefire.testng.TestNGDirectoryTestSuite.execute(TestNGDirectoryTestSuite.java:107)
	at org.apache.maven.surefire.testng.TestNGProvider.invoke(TestNGProvider.java:112)
	at org.apache.maven.surefire.booter.ForkedBooter.invokeProviderInSameClassLoader(ForkedBooter.java:200)
	at org.apache.maven.surefire.booter.ForkedBooter.runSuitesInProcess(ForkedBooter.java:153)
	at org.apache.maven.surefire.booter.ForkedBooter.main(ForkedBooter.java:103)
</pre></div></td>
<td>0</td>
<td>com.testframeworkdemo.runner.RunGUIWebTest@54a097cc</td></tr>
</table><p>
<table width='100%' border='1' class='invocation-passed'>
<tr><td colspan='4' align='center'><b>PASSED TESTS</b></td></tr>
<tr><td><b>Test method</b></td>
<td width="30%"><b>Exception</b></td>
<td width="10%"><b>Time (seconds)</b></td>
<td><b>Instance</b></td>
</tr>
<tr>
<td title='com.testframeworkdemo.runner.RunGUIServicesTest.run_cukes()'><b>run_cukes</b><br>Test class: com.testframeworkdemo.runner.RunGUIServicesTest<br>Test method: Runs Cucumber Features<br/>
<a href="#Output-538185145" onClick='toggleBox("Output-538185145", this, "Show output", "Hide output");'>Show output</a>

<a href="#Output-538185145" onClick="toggleAllBoxes();">Show all outputs</a>
<div class='log' id="Output-538185145">
<div "featureFile">Feature File: features&#x2F;Web&#x2F;AbrirUmaContaCorrenteNoSantander.feature</div><br/>
<div "feature">Funcionalidade: No portal do Santander, preencher os dados para abrir uma nova conta corrente</div><br/>
<div "result">Dado  que eu acesso &quot;https:&#x2F;&#x2F;www.santander.com.br&#x2F;br&#x2F;&quot; (passed : 6s)</div><br/>
<div "scenario">Cenario: Abrir o site do santander e preencher o formulário para criar uma conta corrente pessoa física</div><br/>
<div "result">Quando  eu clico na opcao Abra sua Conta (passed : 1s)</div><br/>
<div "result">Quando  escolho a opcao Para Voce (passed : 6s)</div><br/>
<div "result">E  escolho a opcao Eu Trabalho (passed : 0s)</div><br/>
<div "result">E  preencho o nome completo com a linha &quot;2&quot; da Massa de Testes (passed : 0s)</div><br/>
<div "result">E  preencho com o cpf &quot;868-482-072-09&quot; (passed : 1s)</div><br/>
<div "result">E  preencho a data de nascimento &quot;25&#x2F;08&#x2F;1984&quot; (passed : 1s)</div><br/>
<div "result">E  preencho o e-mail &quot;zeca.neto@mailinator.com&quot; (passed : 1s)</div><br/>
<div "result">E  seleciono o sexo Masculino (passed : 1s)</div><br/>
<div "result">E  preencho o nome da mae com a linha &quot;2&quot; da Massa de Testes (passed : 0s)</div><br/>
<div "result">E  preencho o celular &quot;11 95467-9090&quot; (passed : 1s)</div><br/>
<div "result">E  preencho o telefone fixo &quot;11 4456-3232&quot; (passed : 1s)</div><br/>
<div "result">E  eu informo a renda (passed : 1s)</div><br/>
<div "result">E  clico no botao Continuar (passed : 0s)</div><br/>
<div "result">Entao  eu visualizo o formulario de Endereco (passed : 0s)</div><br/>
<div "result">E  eu preencho o cep &quot;09111-000&quot; (passed : 0s)</div><br/>
<div "result">E  eu clico no botao Continuar (passed : 0s)</div><br/>
<div "result">Entao  eu visualizo um alerta de campo obrigatorio para o numero com a mensagem &quot;Este campo é obrigatório&quot; (passed : 0s)</div><br/>
</div>
</td>
<td></td>
<td>23</td>
<td>com.testframeworkdemo.runner.RunGUIServicesTest@26f67b76</td></tr>
<tr>
<td title='com.testframeworkdemo.runner.RunGUIMobileTest.run_cukes()'><b>run_cukes</b><br>Test class: com.testframeworkdemo.runner.RunGUIMobileTest<br>Test method: Runs Cucumber Features</td>
<td></td>
<td>0</td>
<td>com.testframeworkdemo.runner.RunGUIMobileTest@153f5a29</td></tr>
</table><p>
</body>
</html>