<?xml version="1.0" encoding="UTF-8"?>
<!-- Generated by org.testng.reporters.JUnitXMLReporter -->
<testsuite hostname="note-erik" name="Surefire test" tests="3" failures="1" timestamp="15 Jul 2016 20:29:57 GMT" time="23.568" errors="0">
  <testcase name="run_cukes" time="0.227" classname="com.testframeworkdemo.runner.RunGUIWebTest">
    <failure type="java.lang.IllegalArgumentException" message="Not a file or directory: /home/erik/DEV/git/java/TestFramework-Java/src/test/resources/features/web/*.feature">
      <![CDATA[java.lang.IllegalArgumentException: Not a file or directory: /home/erik/DEV/git/java/TestFramework-Java/src/test/resources/features/web/*.feature
	at cucumber.runtime.io.FileResourceIterator$FileIterator.<init>(FileResourceIterator.java:54)
	at cucumber.runtime.io.FileResourceIterator.<init>(FileResourceIterator.java:20)
	at cucumber.runtime.io.FileResourceIterable.iterator(FileResourceIterable.java:19)
	at cucumber.runtime.model.CucumberFeature.loadFromFeaturePath(CucumberFeature.java:101)
	at cucumber.runtime.model.CucumberFeature.load(CucumberFeature.java:54)
	at cucumber.runtime.model.CucumberFeature.load(CucumberFeature.java:34)
	at cucumber.runtime.RuntimeOptions.cucumberFeatures(RuntimeOptions.java:201)
	at cucumber.runtime.Runtime.run(Runtime.java:109)
	at cucumber.api.testng.TestNGCucumberRunner.runCukes(TestNGCucumberRunner.java:43)
	at cucumber.api.testng.AbstractTestNGCucumberTests.run_cukes(AbstractTestNGCucumberTests.java:14)
	at cucumber.api.testng.AbstractTestNGCucumberTests.run(AbstractTestNGCucumberTests.java:19)
... Removed 30 stack frames]]>
    </failure>
  </testcase> <!-- run_cukes -->
  <testcase name="run_cukes" time="23.28" classname="com.testframeworkdemo.runner.RunGUIServicesTest"/>
  <testcase name="run_cukes" time="0.043" classname="com.testframeworkdemo.runner.RunGUIMobileTest"/>
</testsuite> <!-- Surefire test -->
